2025-08-24 16:42:12.566 [SECURITY] [] [] [] [] - Authorization denied for user anonymousUser: AuthorizationDecision [granted=false]
2025-08-24 16:42:12.571 [SECURITY] [] [] [] [] - Unauthorized access attempt: Full authentication is required to access this resource
2025-08-24 16:42:22.132 [SECURITY] [] [] [] [] - Authorization denied for user anonymousUser: AuthorizationDecision [granted=false]
2025-08-24 16:42:22.133 [SECURITY] [] [] [] [] - Unauthorized access attempt: Full authentication is required to access this resource
2025-08-24 16:42:31.951 [SECURITY] [] [] [] [] - Authorization denied for user anonymousUser: AuthorizationDecision [granted=false]
2025-08-24 16:42:31.951 [SECURITY] [] [] [] [] - Unauthorized access attempt: Full authentication is required to access this resource
2025-08-24 16:42:41.101 [SECURITY] [] [] [] [] - Authorization denied for user anonymousUser: AuthorizationDecision [granted=false]
2025-08-24 16:42:41.101 [SECURITY] [] [] [] [] - Unauthorized access attempt: Full authentication is required to access this resource
2025-08-24 16:42:48.412 [SECURITY] [] [] [] [] - Authorization denied for user anonymousUser: AuthorizationDecision [granted=false]
2025-08-24 16:42:48.412 [SECURITY] [] [] [] [] - Unauthorized access attempt: Full authentication is required to access this resource
2025-08-24 16:57:18.708 [SECURITY] [] [] [] [] - Generated temporary JWT secret for development. This is NOT suitable for production!
2025-08-24 16:57:18.708 [SECURITY] [] [] [] [] - JWT token provider initialized successfully with 86 character secret
2025-08-24 16:57:18.723 [SECURITY] [] [] [] [] - Enhanced Login Attempt Service initialized with max attempts: 3, IP max attempts: 10
2025-08-24 16:57:35.314 [SECURITY] [] [] [] [] - Generated temporary JWT secret for development. This is NOT suitable for production!
2025-08-24 16:57:35.314 [SECURITY] [] [] [] [] - JWT token provider initialized successfully with 86 character secret
2025-08-24 16:57:35.329 [SECURITY] [] [] [] [] - Enhanced Login Attempt Service initialized with max attempts: 3, IP max attempts: 10
2025-08-24 16:58:08.305 [SECURITY] [] [] [] [] - Generated temporary JWT secret for development. This is NOT suitable for production!
2025-08-24 16:58:08.305 [SECURITY] [] [] [] [] - JWT token provider initialized successfully with 86 character secret
2025-08-24 16:58:08.318 [SECURITY] [] [] [] [] - Enhanced Login Attempt Service initialized with max attempts: 3, IP max attempts: 10
2025-08-24 16:59:02.182 [SECURITY] [] [] [] [] - Generated temporary JWT secret for development. This is NOT suitable for production!
2025-08-24 16:59:02.182 [SECURITY] [] [] [] [] - JWT token provider initialized successfully with 86 character secret
2025-08-24 16:59:02.196 [SECURITY] [] [] [] [] - Enhanced Login Attempt Service initialized with max attempts: 3, IP max attempts: 10
2025-08-24 17:00:25.768 [SECURITY] [] [] [] [] - Generated temporary JWT secret for development. This is NOT suitable for production!
2025-08-24 17:00:25.768 [SECURITY] [] [] [] [] - JWT token provider initialized successfully with 86 character secret
2025-08-24 17:00:25.781 [SECURITY] [] [] [] [] - Enhanced Login Attempt Service initialized with max attempts: 3, IP max attempts: 10
2025-08-24 17:01:31.842 [SECURITY] [] [] [] [] - Generated temporary JWT secret for development. This is NOT suitable for production!
2025-08-24 17:01:31.842 [SECURITY] [] [] [] [] - JWT token provider initialized successfully with 86 character secret
2025-08-24 17:01:31.855 [SECURITY] [] [] [] [] - Enhanced Login Attempt Service initialized with max attempts: 3, IP max attempts: 10
2025-08-24 17:01:54.724 [SECURITY] [] [] [] [] - Generated temporary JWT secret for development. This is NOT suitable for production!
2025-08-24 17:01:54.724 [SECURITY] [] [] [] [] - JWT token provider initialized successfully with 86 character secret
2025-08-24 17:01:54.737 [SECURITY] [] [] [] [] - Enhanced Login Attempt Service initialized with max attempts: 3, IP max attempts: 10
2025-08-24 17:02:10.808 [SECURITY] [] [] [] [] - Generated temporary JWT secret for development. This is NOT suitable for production!
2025-08-24 17:02:10.808 [SECURITY] [] [] [] [] - JWT token provider initialized successfully with 86 character secret
2025-08-24 17:02:10.821 [SECURITY] [] [] [] [] - Enhanced Login Attempt Service initialized with max attempts: 3, IP max attempts: 10
2025-08-24 17:02:24.474 [SECURITY] [] [] [] [] - Generated temporary JWT secret for development. This is NOT suitable for production!
2025-08-24 17:02:24.474 [SECURITY] [] [] [] [] - JWT token provider initialized successfully with 86 character secret
2025-08-24 17:02:24.488 [SECURITY] [] [] [] [] - Enhanced Login Attempt Service initialized with max attempts: 3, IP max attempts: 10
2025-08-24 17:02:40.138 [SECURITY] [] [] [] [] - Generated temporary JWT secret for development. This is NOT suitable for production!
2025-08-24 17:02:40.138 [SECURITY] [] [] [] [] - JWT token provider initialized successfully with 86 character secret
2025-08-24 17:02:40.150 [SECURITY] [] [] [] [] - Enhanced Login Attempt Service initialized with max attempts: 3, IP max attempts: 10
2025-08-24 17:02:52.532 [SECURITY] [] [] [] [] - Generated temporary JWT secret for development. This is NOT suitable for production!
2025-08-24 17:02:52.533 [SECURITY] [] [] [] [] - JWT token provider initialized successfully with 86 character secret
2025-08-24 17:02:52.548 [SECURITY] [] [] [] [] - Enhanced Login Attempt Service initialized with max attempts: 3, IP max attempts: 10
2025-08-24 17:03:11.497 [SECURITY] [] [] [] [] - Generated temporary JWT secret for development. This is NOT suitable for production!
2025-08-24 17:03:11.497 [SECURITY] [] [] [] [] - JWT token provider initialized successfully with 86 character secret
2025-08-24 17:03:11.510 [SECURITY] [] [] [] [] - Enhanced Login Attempt Service initialized with max attempts: 3, IP max attempts: 10
2025-08-24 17:03:34.412 [SECURITY] [] [] [] [] - Generated temporary JWT secret for development. This is NOT suitable for production!
2025-08-24 17:03:34.412 [SECURITY] [] [] [] [] - JWT token provider initialized successfully with 86 character secret
2025-08-24 17:03:34.425 [SECURITY] [] [] [] [] - Enhanced Login Attempt Service initialized with max attempts: 3, IP max attempts: 10
2025-08-24 17:04:02.344 [SECURITY] [] [] [] [] - Generated temporary JWT secret for development. This is NOT suitable for production!
2025-08-24 17:04:02.344 [SECURITY] [] [] [] [] - JWT token provider initialized successfully with 86 character secret
2025-08-24 17:04:02.358 [SECURITY] [] [] [] [] - Enhanced Login Attempt Service initialized with max attempts: 3, IP max attempts: 10
2025-08-24 17:04:29.363 [SECURITY] [] [] [] [] - Generated temporary JWT secret for development. This is NOT suitable for production!
2025-08-24 17:04:29.363 [SECURITY] [] [] [] [] - JWT token provider initialized successfully with 86 character secret
2025-08-24 17:04:29.375 [SECURITY] [] [] [] [] - Enhanced Login Attempt Service initialized with max attempts: 3, IP max attempts: 10
2025-08-24 17:04:50.268 [SECURITY] [] [] [] [] - Generated temporary JWT secret for development. This is NOT suitable for production!
2025-08-24 17:04:50.268 [SECURITY] [] [] [] [] - JWT token provider initialized successfully with 86 character secret
2025-08-24 17:04:50.283 [SECURITY] [] [] [] [] - Enhanced Login Attempt Service initialized with max attempts: 3, IP max attempts: 10
2025-08-24 17:05:17.635 [SECURITY] [] [] [] [] - Generated temporary JWT secret for development. This is NOT suitable for production!
2025-08-24 17:05:17.635 [SECURITY] [] [] [] [] - JWT token provider initialized successfully with 86 character secret
2025-08-24 17:05:17.649 [SECURITY] [] [] [] [] - Enhanced Login Attempt Service initialized with max attempts: 3, IP max attempts: 10
2025-08-24 18:09:26.020 [SECURITY] [] [] [] [] - Generated temporary JWT secret for development. This is NOT suitable for production!
2025-08-24 18:09:26.021 [SECURITY] [] [] [] [] - JWT token provider initialized successfully with 86 character secret
2025-08-24 18:09:26.069 [SECURITY] [] [] [] [] - Enhanced Login Attempt Service initialized with max attempts: 3, IP max attempts: 10
2025-08-24 18:09:42.739 [SECURITY] [] [] [] [] - Generated temporary JWT secret for development. This is NOT suitable for production!
2025-08-24 18:09:42.742 [SECURITY] [] [] [] [] - JWT token provider initialized successfully with 86 character secret
2025-08-24 18:09:42.799 [SECURITY] [] [] [] [] - Enhanced Login Attempt Service initialized with max attempts: 3, IP max attempts: 10
2025-08-24 18:25:28.461 [SECURITY] [] [] [] [] - Authorization denied for user anonymousUser: AuthorizationDecision [granted=false]
2025-08-24 18:25:28.465 [SECURITY] [] [] [] [] - Unauthorized access attempt: Full authentication is required to access this resource
2025-08-24 18:25:33.474 [SECURITY] [] [] [] [] - Authorization denied for user anonymousUser: AuthorizationDecision [granted=false]
2025-08-24 18:25:33.474 [SECURITY] [] [] [] [] - Unauthorized access attempt: Full authentication is required to access this resource
2025-08-24 20:05:27.305 [SECURITY] [] [] [] [] - Generated temporary JWT secret for development. This is NOT suitable for production!
2025-08-24 20:05:27.305 [SECURITY] [] [] [] [] - JWT token provider initialized successfully with 86 character secret
2025-08-24 20:05:27.321 [SECURITY] [] [] [] [] - Enhanced Login Attempt Service initialized with max attempts: 3, IP max attempts: 10
2025-08-24 20:05:40.977 [SECURITY] [] [] [] [] - Generated temporary JWT secret for development. This is NOT suitable for production!
2025-08-24 20:05:40.978 [SECURITY] [] [] [] [] - JWT token provider initialized successfully with 86 character secret
2025-08-24 20:05:41.011 [SECURITY] [] [] [] [] - Enhanced Login Attempt Service initialized with max attempts: 3, IP max attempts: 10
2025-08-24 20:05:45.298 [SECURITY] [] [] [] [] - Generated temporary JWT secret for development. This is NOT suitable for production!
2025-08-24 20:05:45.300 [SECURITY] [] [] [] [] - JWT token provider initialized successfully with 86 character secret
2025-08-24 20:05:45.319 [SECURITY] [] [] [] [] - Enhanced Login Attempt Service initialized with max attempts: 3, IP max attempts: 10
2025-08-24 20:06:51.500 [SECURITY] [] [] [] [] - Generated temporary JWT secret for development. This is NOT suitable for production!
2025-08-24 20:06:51.500 [SECURITY] [] [] [] [] - JWT token provider initialized successfully with 86 character secret
2025-08-24 20:06:51.540 [SECURITY] [] [] [] [] - Enhanced Login Attempt Service initialized with max attempts: 3, IP max attempts: 10
2025-08-24 20:06:55.811 [SECURITY] [] [] [] [] - Generated temporary JWT secret for development. This is NOT suitable for production!
2025-08-24 20:06:55.813 [SECURITY] [] [] [] [] - JWT token provider initialized successfully with 86 character secret
2025-08-24 20:06:55.830 [SECURITY] [] [] [] [] - Enhanced Login Attempt Service initialized with max attempts: 3, IP max attempts: 10
2025-08-24 20:07:33.202 [SECURITY] [] [] [] [] - Authorization denied for user anonymousUser: AuthorizationDecision [granted=false]
2025-08-24 20:07:33.204 [SECURITY] [] [] [] [] - Unauthorized access attempt: Full authentication is required to access this resource
2025-08-24 20:07:39.756 [SECURITY] [] [] [] [] - Authorization denied for user anonymousUser: AuthorizationDecision [granted=false]
2025-08-24 20:07:39.757 [SECURITY] [] [] [] [] - Unauthorized access attempt: Full authentication is required to access this resource
2025-08-24 20:07:48.020 [SECURITY] [] [] [] [] - Authorization denied for user anonymousUser: AuthorizationDecision [granted=false]
2025-08-24 20:07:48.021 [SECURITY] [] [] [] [] - Unauthorized access attempt: Full authentication is required to access this resource
2025-08-24 20:38:53.312 [SECURITY] [] [] [] [] - Generated temporary JWT secret for development. This is NOT suitable for production!
2025-08-24 20:38:53.312 [SECURITY] [] [] [] [] - JWT token provider initialized successfully with 86 character secret
2025-08-24 20:38:53.325 [SECURITY] [] [] [] [] - Enhanced Login Attempt Service initialized with max attempts: 3, IP max attempts: 10
2025-08-24 20:39:09.750 [SECURITY] [] [] [] [] - Generated temporary JWT secret for development. This is NOT suitable for production!
2025-08-24 20:39:09.750 [SECURITY] [] [] [] [] - JWT token provider initialized successfully with 86 character secret
2025-08-24 20:39:09.776 [SECURITY] [] [] [] [] - Enhanced Login Attempt Service initialized with max attempts: 3, IP max attempts: 10
2025-08-24 20:39:31.068 [SECURITY] [] [] [] [] - Generated temporary JWT secret for development. This is NOT suitable for production!
2025-08-24 20:39:31.068 [SECURITY] [] [] [] [] - JWT token provider initialized successfully with 86 character secret
2025-08-24 20:39:31.079 [SECURITY] [] [] [] [] - Enhanced Login Attempt Service initialized with max attempts: 3, IP max attempts: 10
2025-08-24 20:39:41.483 [SECURITY] [] [] [] [] - Generated temporary JWT secret for development. This is NOT suitable for production!
2025-08-24 20:39:41.483 [SECURITY] [] [] [] [] - JWT token provider initialized successfully with 86 character secret
2025-08-24 20:39:41.493 [SECURITY] [] [] [] [] - Enhanced Login Attempt Service initialized with max attempts: 3, IP max attempts: 10
2025-08-24 20:40:04.065 [SECURITY] [] [] [] [] - Generated temporary JWT secret for development. This is NOT suitable for production!
2025-08-24 20:40:04.065 [SECURITY] [] [] [] [] - JWT token provider initialized successfully with 86 character secret
2025-08-24 20:40:04.074 [SECURITY] [] [] [] [] - Enhanced Login Attempt Service initialized with max attempts: 3, IP max attempts: 10
2025-08-24 20:40:12.957 [SECURITY] [] [] [] [] - Generated temporary JWT secret for development. This is NOT suitable for production!
2025-08-24 20:40:12.957 [SECURITY] [] [] [] [] - JWT token provider initialized successfully with 86 character secret
2025-08-24 20:40:12.969 [SECURITY] [] [] [] [] - Enhanced Login Attempt Service initialized with max attempts: 3, IP max attempts: 10
2025-08-24 20:40:49.974 [SECURITY] [] [] [] [] - Generated temporary JWT secret for development. This is NOT suitable for production!
2025-08-24 20:40:49.974 [SECURITY] [] [] [] [] - JWT token provider initialized successfully with 86 character secret
2025-08-24 20:40:49.984 [SECURITY] [] [] [] [] - Enhanced Login Attempt Service initialized with max attempts: 3, IP max attempts: 10
2025-08-24 20:41:39.607 [SECURITY] [] [] [] [] - Generated temporary JWT secret for development. This is NOT suitable for production!
2025-08-24 20:41:39.607 [SECURITY] [] [] [] [] - JWT token provider initialized successfully with 86 character secret
2025-08-24 20:41:39.616 [SECURITY] [] [] [] [] - Enhanced Login Attempt Service initialized with max attempts: 3, IP max attempts: 10
2025-08-24 20:42:03.837 [SECURITY] [] [] [] [] - Generated temporary JWT secret for development. This is NOT suitable for production!
2025-08-24 20:42:03.837 [SECURITY] [] [] [] [] - JWT token provider initialized successfully with 86 character secret
2025-08-24 20:42:03.846 [SECURITY] [] [] [] [] - Enhanced Login Attempt Service initialized with max attempts: 3, IP max attempts: 10
2025-08-24 20:42:58.345 [SECURITY] [] [] [] [] - Generated temporary JWT secret for development. This is NOT suitable for production!
2025-08-24 20:42:58.345 [SECURITY] [] [] [] [] - JWT token provider initialized successfully with 86 character secret
2025-08-24 20:42:58.356 [SECURITY] [] [] [] [] - Enhanced Login Attempt Service initialized with max attempts: 3, IP max attempts: 10
2025-08-24 20:43:12.794 [SECURITY] [] [] [] [] - Generated temporary JWT secret for development. This is NOT suitable for production!
2025-08-24 20:43:12.794 [SECURITY] [] [] [] [] - JWT token provider initialized successfully with 86 character secret
2025-08-24 20:43:12.804 [SECURITY] [] [] [] [] - Enhanced Login Attempt Service initialized with max attempts: 3, IP max attempts: 10
2025-08-24 20:43:22.891 [SECURITY] [] [] [] [] - Generated temporary JWT secret for development. This is NOT suitable for production!
2025-08-24 20:43:22.892 [SECURITY] [] [] [] [] - JWT token provider initialized successfully with 86 character secret
2025-08-24 20:43:22.907 [SECURITY] [] [] [] [] - Enhanced Login Attempt Service initialized with max attempts: 3, IP max attempts: 10
2025-08-24 20:44:00.759 [SECURITY] [] [] [] [] - Generated temporary JWT secret for development. This is NOT suitable for production!
2025-08-24 20:44:00.759 [SECURITY] [] [] [] [] - JWT token provider initialized successfully with 86 character secret
2025-08-24 20:44:00.770 [SECURITY] [] [] [] [] - Enhanced Login Attempt Service initialized with max attempts: 3, IP max attempts: 10
2025-08-24 20:45:59.402 [SECURITY] [] [] [] [] - Generated temporary JWT secret for development. This is NOT suitable for production!
2025-08-24 20:45:59.402 [SECURITY] [] [] [] [] - JWT token provider initialized successfully with 86 character secret
2025-08-24 20:45:59.411 [SECURITY] [] [] [] [] - Enhanced Login Attempt Service initialized with max attempts: 3, IP max attempts: 10
2025-08-24 20:46:00.154 [SECURITY] [] [] [] [] - Generated temporary JWT secret for development. This is NOT suitable for production!
2025-08-24 20:46:00.156 [SECURITY] [] [] [] [] - JWT token provider initialized successfully with 86 character secret
2025-08-24 20:46:00.168 [SECURITY] [] [] [] [] - Enhanced Login Attempt Service initialized with max attempts: 3, IP max attempts: 10
2025-08-24 20:46:35.879 [SECURITY] [] [] [] [] - Generated temporary JWT secret for development. This is NOT suitable for production!
2025-08-24 20:46:35.881 [SECURITY] [] [] [] [] - JWT token provider initialized successfully with 86 character secret
2025-08-24 20:46:35.894 [SECURITY] [] [] [] [] - Enhanced Login Attempt Service initialized with max attempts: 3, IP max attempts: 10
2025-08-24 20:46:48.100 [SECURITY] [] [] [] [] - Authorization denied for user anonymousUser: AuthorizationDecision [granted=false]
2025-08-24 20:46:48.101 [SECURITY] [] [] [] [] - Unauthorized access attempt: Full authentication is required to access this resource
2025-08-24 20:46:54.409 [SECURITY] [] [] [] [] - Authorization denied for user anonymousUser: AuthorizationDecision [granted=false]
2025-08-24 20:46:54.409 [SECURITY] [] [] [] [] - Unauthorized access attempt: Full authentication is required to access this resource
2025-08-24 20:46:58.720 [SECURITY] [] [] [] [] - Authorization denied for user anonymousUser: AuthorizationDecision [granted=false]
2025-08-24 20:46:58.720 [SECURITY] [] [] [] [] - Unauthorized access attempt: Full authentication is required to access this resource
2025-08-24 20:47:03.171 [SECURITY] [] [] [] [] - Authorization denied for user anonymousUser: AuthorizationDecision [granted=false]
2025-08-24 20:47:03.171 [SECURITY] [] [] [] [] - Unauthorized access attempt: Full authentication is required to access this resource
2025-08-24 20:47:51.114 [SECURITY] [] [] [] [] - Authorization denied for user anonymousUser: AuthorizationDecision [granted=false]
2025-08-24 20:47:51.115 [SECURITY] [] [] [] [] - Unauthorized access attempt: Full authentication is required to access this resource
2025-08-24 22:56:52.009 [SECURITY] [] [] [] [] - Generated temporary JWT secret for development. This is NOT suitable for production!
2025-08-24 22:56:52.010 [SECURITY] [] [] [] [] - JWT token provider initialized successfully with 86 character secret
2025-08-24 22:56:52.020 [SECURITY] [] [] [] [] - Enhanced Login Attempt Service initialized with max attempts: 3, IP max attempts: 10
2025-08-24 22:56:52.227 [SECURITY] [] [] [] [] - Generated temporary JWT secret for development. This is NOT suitable for production!
2025-08-24 22:56:52.228 [SECURITY] [] [] [] [] - JWT token provider initialized successfully with 86 character secret
2025-08-24 22:56:52.238 [SECURITY] [] [] [] [] - Enhanced Login Attempt Service initialized with max attempts: 3, IP max attempts: 10
2025-08-24 22:57:00.395 [SECURITY] [] [] [] [] - Generated temporary JWT secret for development. This is NOT suitable for production!
2025-08-24 22:57:00.396 [SECURITY] [] [] [] [] - JWT token provider initialized successfully with 86 character secret
2025-08-24 22:57:00.405 [SECURITY] [] [] [] [] - Enhanced Login Attempt Service initialized with max attempts: 3, IP max attempts: 10
2025-08-24 22:57:11.859 [SECURITY] [] [] [] [] - Generated temporary JWT secret for development. This is NOT suitable for production!
2025-08-24 22:57:11.861 [SECURITY] [] [] [] [] - JWT token provider initialized successfully with 86 character secret
2025-08-24 22:57:11.873 [SECURITY] [] [] [] [] - Enhanced Login Attempt Service initialized with max attempts: 3, IP max attempts: 10
